<?xml version="1.0" encoding="UTF-8"?>
<!-- Generated by org.testng.reporters.JUnitReportReporter -->
<testsuite hostname="DESKTOP-5PEM7KM" failures="0" tests="3" name="com.Testng.TestNG_FB_15" time="6.455" errors="0" timestamp="2025-03-08T19:19:12 GMT+04:00" skipped="0">
  <testcase classname="com.Testng.TestNG_FB_15" name="username" time="2.151"/>
  <system-out/>
  <testcase classname="com.Testng.TestNG_FB_15" name="password" time="2.208"/>
  <system-out/>
  <testcase classname="com.Testng.TestNG_FB_15" name="login" time="2.096"/>
  <system-out/>
</testsuite> <!-- com.Testng.TestNG_FB_15 -->
