<?xml version="1.0" encoding="UTF-8"?>
<!-- Generated by org.testng.reporters.JUnitReportReporter -->
<testsuite hostname="DESKTOP-5PEM7KM" failures="0" tests="3" name="com.Testng.DataProviderExample_19" time="0.021" errors="0" timestamp="2025-03-08T19:39:15 GMT+04:00" skipped="0">
  <testcase classname="com.Testng.DataProviderExample_19" name="loginTest" time="0.015"/>
  <system-out/>
  <testcase classname="com.Testng.DataProviderExample_19" name="loginTest" time="0.001"/>
  <system-out/>
  <testcase classname="com.Testng.DataProviderExample_19" name="loginTest" time="0.005"/>
  <system-out/>
</testsuite> <!-- com.Testng.DataProviderExample_19 -->
