<?xml version="1.0" encoding="UTF-8"?>
<!-- Generated by org.testng.reporters.JUnitReportReporter -->
<testsuite hostname="MISTRY" failures="0" tests="2" name="com.FW.Guru99LoginTest" time="21.822" errors="0" timestamp="2025-05-07T00:19:41 GMT+04:00" skipped="0">
  <testcase classname="com.FW.Guru99LoginTest" name="testLogin" time="9.488"/>
  <system-out/>
  <testcase classname="com.FW.Guru99LoginTest" name="testLogin" time="12.334"/>
  <system-out/>
</testsuite> <!-- com.FW.Guru99LoginTest -->
