<?xml version="1.0" encoding="UTF-8"?>
<!-- Generated by org.testng.reporters.JUnitReportReporter -->
<testsuite hostname="DESKTOP-5PEM7KM" failures="0" tests="5" name="com.Testng.TestNG_Dependence" time="9.852" errors="0" timestamp="2025-02-15T11:03:14 GMT+04:00" skipped="0">
  <testcase classname="com.Testng.TestNG_Dependence" name="before" time="3.053"/>
  <system-out/>
  <testcase classname="com.Testng.TestNG_Dependence" name="login" time="2.238"/>
  <system-out/>
  <testcase classname="com.Testng.TestNG_Dependence" name="close" time="0.210"/>
  <system-out/>
  <testcase classname="com.Testng.TestNG_Dependence" name="password" time="2.118"/>
  <system-out/>
  <testcase classname="com.Testng.TestNG_Dependence" name="username" time="2.233"/>
  <system-out/>
</testsuite> <!-- com.Testng.TestNG_Dependence -->
