<?xml version="1.0" encoding="UTF-8"?>
<!-- Generated by org.testng.reporters.JUnitReportReporter -->
<testsuite hostname="DESKTOP-5PEM7KM" failures="0" tests="3" name="com.Testng.TestNG_webdriver" time="6.853" errors="0" timestamp="2025-02-15T10:53:24 GMT+04:00" skipped="0">
  <testcase classname="com.Testng.TestNG_webdriver" name="username" time="2.494"/>
  <system-out/>
  <testcase classname="com.Testng.TestNG_webdriver" name="password" time="2.180"/>
  <system-out/>
  <testcase classname="com.Testng.TestNG_webdriver" name="login" time="2.179"/>
  <system-out/>
</testsuite> <!-- com.Testng.TestNG_webdriver -->
