<?xml version="1.0" encoding="UTF-8"?>
<!-- Generated by org.testng.reporters.JUnitReportReporter -->
<testsuite hostname="DESKTOP-5PEM7KM" failures="0" tests="4" name="com.Testng.TestNGGroup" time="0.020" errors="0" timestamp="2025-02-18T10:03:10 GMT+04:00" skipped="0">
  <testcase classname="com.Testng.TestNGGroup" name="red1" time="0.002"/>
  <system-out/>
  <testcase classname="com.Testng.TestNGGroup" name="red3" time="0.002"/>
  <system-out/>
  <testcase classname="com.Testng.TestNGGroup" name="greenAndRed" time="0.014"/>
  <system-out/>
  <testcase classname="com.Testng.TestNGGroup" name="red2" time="0.002"/>
  <system-out/>
</testsuite> <!-- com.Testng.TestNGGroup -->
