<?xml version="1.0" encoding="UTF-8"?>
<!-- Generated by org.testng.reporters.JUnitReportReporter -->
<testsuite hostname="DESKTOP-5PEM7KM" failures="0" tests="2" name="com.Testng.TestNG_Annotations" time="0.017" errors="0" timestamp="2025-02-15T10:31:14 GMT+04:00" skipped="0">
  <testcase classname="com.Testng.TestNG_Annotations" name="test2" time="0.003"/>
  <system-out/>
  <testcase classname="com.Testng.TestNG_Annotations" name="test1" time="0.014"/>
  <system-out/>
</testsuite> <!-- com.Testng.TestNG_Annotations -->
