<?xml version="1.0" encoding="UTF-8"?>
<!-- Generated by org.testng.reporters.JUnitReportReporter -->
<testsuite hostname="DESKTOP-5PEM7KM" failures="0" tests="6" name="com.FW.keywordDrivenDemo" time="11.789" errors="0" timestamp="2025-02-22T10:20:33 GMT+04:00" skipped="0">
  <testcase classname="com.FW.keywordDrivenDemo" name="test" time="2.181"/>
  <system-out/>
  <testcase classname="com.FW.keywordDrivenDemo" name="test" time="3.640"/>
  <system-out/>
  <testcase classname="com.FW.keywordDrivenDemo" name="test" time="1.421"/>
  <system-out/>
  <testcase classname="com.FW.keywordDrivenDemo" name="test" time="2.164"/>
  <system-out/>
  <testcase classname="com.FW.keywordDrivenDemo" name="test" time="2.209"/>
  <system-out/>
  <testcase classname="com.FW.keywordDrivenDemo" name="test" time="0.174"/>
  <system-out/>
</testsuite> <!-- com.FW.keywordDrivenDemo -->
