<?xml version="1.0" encoding="UTF-8"?>
<!-- Generated by org.testng.reporters.JUnitReportReporter -->
<testsuite hostname="DESKTOP-5PEM7KM" failures="0" tests="3" name="com.Testng.TestNG_FB_16" time="6.523" errors="0" timestamp="2025-03-08T19:17:13 GMT+04:00" skipped="0">
  <testcase classname="com.Testng.TestNG_FB_16" name="username" time="2.214"/>
  <system-out/>
  <testcase classname="com.Testng.TestNG_FB_16" name="password" time="2.219"/>
  <system-out/>
  <testcase classname="com.Testng.TestNG_FB_16" name="login" time="2.090"/>
  <system-out/>
</testsuite> <!-- com.Testng.TestNG_FB_16 -->
