<?xml version="1.0" encoding="UTF-8"?>
<!-- Generated by org.testng.reporters.JUnitReportReporter -->
<testsuite hostname="DESKTOP-5PEM7KM" failures="0" tests="1" name="com.FW.DataDrivenDemo" time="25.205" errors="0" timestamp="2025-02-22T10:12:16 GMT+04:00" skipped="0">
  <testcase classname="com.FW.DataDrivenDemo" name="test" time="25.205"/>
  <system-out/>
</testsuite> <!-- com.FW.DataDrivenDemo -->
