<?xml version="1.0" encoding="UTF-8"?>
<!-- Generated by org.testng.reporters.JUnitReportReporter -->
<testsuite hostname="DESKTOP-5PEM7KM" failures="0" tests="4" name="com.junit.TestHG_Priority" time="0.021" errors="0" timestamp="2025-02-15T10:08:18 GMT+04:00" skipped="0">
  <testcase classname="com.junit.TestHG_Priority" name="best" time="0.014"/>
  <system-out/>
  <testcase classname="com.junit.TestHG_Priority" name="fest" time="0.002"/>
  <system-out/>
  <testcase classname="com.junit.TestHG_Priority" name="test" time="0.004"/>
  <system-out/>
  <testcase classname="com.junit.TestHG_Priority" name="nest" time="0.001"/>
  <system-out/>
</testsuite> <!-- com.junit.TestHG_Priority -->
