<?xml version="1.0" encoding="UTF-8"?>
<!-- Generated by org.testng.reporters.JUnitReportReporter -->
<testsuite hostname="DESKTOP-5PEM7KM" failures="0" tests="4" name="com.Testng.TestNG_GRP_18" time="0.021" errors="0" timestamp="2025-03-08T19:27:04 GMT+04:00" skipped="0">
  <testcase classname="com.Testng.TestNG_GRP_18" name="red1" time="0.003"/>
  <system-out/>
  <testcase classname="com.Testng.TestNG_GRP_18" name="red2" time="0.003"/>
  <system-out/>
  <testcase classname="com.Testng.TestNG_GRP_18" name="red3" time="0.002"/>
  <system-out/>
  <testcase classname="com.Testng.TestNG_GRP_18" name="greenAndRed" time="0.013"/>
  <system-out/>
</testsuite> <!-- com.Testng.TestNG_GRP_18 -->
